2026-04-20T15:39:44.687+02:00  INFO 6856 --- [back] [main] com.notegym.back.BackApplicationTests    : Starting BackApplicationTests using Java 24 with PID 6856 (started by admin in C:\Users\admin\Desktop\alex\DAM2\Projecte\main_folder\NoteGYM\BackEnd\back)
2026-04-20T15:39:44.697+02:00  INFO 6856 --- [back] [main] com.notegym.back.BackApplicationTests    : No active profile set, falling back to 1 default profile: "default"
2026-04-20T15:39:45.312+02:00  INFO 6856 --- [back] [main] .s.d.r.c.RepositoryConfigurationDelegate : Bootstrapping Spring Data JPA repositories in DEFAULT mode.
2026-04-20T15:39:45.380+02:00  INFO 6856 --- [back] [main] .s.d.r.c.RepositoryConfigurationDelegate : Finished Spring Data repository scanning in 60 ms. Found 7 JPA repository interfaces.
2026-04-20T15:39:45.822+02:00  INFO 6856 --- [back] [main] o.hibernate.jpa.internal.util.LogHelper  : HHH000204: Processing PersistenceUnitInfo [name: default]
2026-04-20T15:39:45.896+02:00  INFO 6856 --- [back] [main] org.hibernate.Version                    : HHH000412: Hibernate ORM core version 6.4.4.Final
2026-04-20T15:39:45.936+02:00  INFO 6856 --- [back] [main] o.h.c.internal.RegionFactoryInitiator    : HHH000026: Second-level cache disabled
2026-04-20T15:39:46.265+02:00  INFO 6856 --- [back] [main] o.s.o.j.p.SpringPersistenceUnitInfo      : No LoadTimeWeaver setup: ignoring JPA class transformer
2026-04-20T15:39:46.291+02:00  INFO 6856 --- [back] [main] com.zaxxer.hikari.HikariDataSource       : HikariPool-1 - Starting...
2026-04-20T15:39:46.554+02:00  INFO 6856 --- [back] [main] com.zaxxer.hikari.pool.HikariPool        : HikariPool-1 - Added connection org.mariadb.jdbc.Connection@7db791df
2026-04-20T15:39:46.556+02:00  INFO 6856 --- [back] [main] com.zaxxer.hikari.HikariDataSource       : HikariPool-1 - Start completed.
2026-04-20T15:39:47.548+02:00  INFO 6856 --- [back] [main] o.h.e.t.j.p.i.JtaPlatformInitiator       : HHH000489: No JTA platform available (set 'hibernate.transaction.jta.platform' to enable JTA platform integration)
2026-04-20T15:39:48.975+02:00  INFO 6856 --- [back] [main] j.LocalContainerEntityManagerFactoryBean : Initialized JPA EntityManagerFactory for persistence unit 'default'
2026-04-20T15:39:49.543+02:00  WARN 6856 --- [back] [main] JpaBaseConfiguration$JpaWebConfiguration : spring.jpa.open-in-view is enabled by default. Therefore, database queries may be performed during view rendering. Explicitly configure spring.jpa.open-in-view to disable this warning
2026-04-20T15:39:49.924+02:00  INFO 6856 --- [back] [main] o.s.s.web.DefaultSecurityFilterChain     : Will secure any request with [org.springframework.security.web.session.DisableEncodeUrlFilter@7c35d7d, org.springframework.security.web.context.request.async.WebAsyncManagerIntegrationFilter@24ccc91b, org.springframework.security.web.context.SecurityContextHolderFilter@334ac669, org.springframework.security.web.header.HeaderWriterFilter@52c2d1e8, org.springframework.web.filter.CorsFilter@d0538b3, org.springframework.security.web.authentication.logout.LogoutFilter@1784fcab, com.notegym.back.filter.JwtAuthenticationFilter@22349ad3, org.springframework.security.web.savedrequest.RequestCacheAwareFilter@506654fa, org.springframework.security.web.servletapi.SecurityContextHolderAwareRequestFilter@4468ced2, org.springframework.security.web.authentication.AnonymousAuthenticationFilter@3b8c15de, org.springframework.security.web.access.ExceptionTranslationFilter@5aa461, org.springframework.security.web.access.intercept.AuthorizationFilter@6f6998b6]
2026-04-20T15:39:50.281+02:00  INFO 6856 --- [back] [main] com.notegym.back.BackApplicationTests    : Started BackApplicationTests in 5.977 seconds (process running for 6.799)
2026-04-20T15:39:50.593+02:00  INFO 6856 --- [back] [SpringApplicationShutdownHook] j.LocalContainerEntityManagerFactoryBean : Closing JPA EntityManagerFactory for persistence unit 'default'
2026-04-20T15:39:50.596+02:00  INFO 6856 --- [back] [SpringApplicationShutdownHook] com.zaxxer.hikari.HikariDataSource       : HikariPool-1 - Shutdown initiated...
2026-04-20T15:39:50.638+02:00  INFO 6856 --- [back] [SpringApplicationShutdownHook] com.zaxxer.hikari.HikariDataSource       : HikariPool-1 - Shutdown completed.
2026-04-20T15:40:12.002+02:00  INFO 14040 --- [back] [restartedMain] com.notegym.back.BackApplication         : Starting BackApplication using Java 24 with PID 14040 (C:\Users\admin\Desktop\alex\DAM2\Projecte\main_folder\NoteGYM\BackEnd\back\target\classes started by admin in C:\Users\admin\Desktop\alex\DAM2\Projecte\main_folder\NoteGYM\BackEnd\back)
2026-04-20T15:40:12.004+02:00  INFO 14040 --- [back] [restartedMain] com.notegym.back.BackApplication         : No active profile set, falling back to 1 default profile: "default"
2026-04-20T15:40:12.038+02:00  INFO 14040 --- [back] [restartedMain] .e.DevToolsPropertyDefaultsPostProcessor : Devtools property defaults active! Set 'spring.devtools.add-properties' to 'false' to disable
2026-04-20T15:40:12.039+02:00  INFO 14040 --- [back] [restartedMain] .e.DevToolsPropertyDefaultsPostProcessor : For additional web related logging consider setting the 'logging.level.web' property to 'DEBUG'
2026-04-20T15:40:12.453+02:00  INFO 14040 --- [back] [restartedMain] .s.d.r.c.RepositoryConfigurationDelegate : Bootstrapping Spring Data JPA repositories in DEFAULT mode.
2026-04-20T15:40:12.501+02:00  INFO 14040 --- [back] [restartedMain] .s.d.r.c.RepositoryConfigurationDelegate : Finished Spring Data repository scanning in 43 ms. Found 7 JPA repository interfaces.
2026-04-20T15:40:12.862+02:00  INFO 14040 --- [back] [restartedMain] o.s.b.w.embedded.tomcat.TomcatWebServer  : Tomcat initialized with port 8080 (http)
2026-04-20T15:40:12.872+02:00  INFO 14040 --- [back] [restartedMain] o.apache.catalina.core.StandardService   : Starting service [Tomcat]
2026-04-20T15:40:12.872+02:00  INFO 14040 --- [back] [restartedMain] o.apache.catalina.core.StandardEngine    : Starting Servlet engine: [Apache Tomcat/10.1.19]
2026-04-20T15:40:12.901+02:00  INFO 14040 --- [back] [restartedMain] o.a.c.c.C.[Tomcat].[localhost].[/]       : Initializing Spring embedded WebApplicationContext
2026-04-20T15:40:12.903+02:00  INFO 14040 --- [back] [restartedMain] w.s.c.ServletWebServerApplicationContext : Root WebApplicationContext: initialization completed in 863 ms
2026-04-20T15:40:12.986+02:00  INFO 14040 --- [back] [restartedMain] o.hibernate.jpa.internal.util.LogHelper  : HHH000204: Processing PersistenceUnitInfo [name: default]
2026-04-20T15:40:13.015+02:00  INFO 14040 --- [back] [restartedMain] org.hibernate.Version                    : HHH000412: Hibernate ORM core version 6.4.4.Final
2026-04-20T15:40:13.034+02:00  INFO 14040 --- [back] [restartedMain] o.h.c.internal.RegionFactoryInitiator    : HHH000026: Second-level cache disabled
2026-04-20T15:40:13.171+02:00  INFO 14040 --- [back] [restartedMain] o.s.o.j.p.SpringPersistenceUnitInfo      : No LoadTimeWeaver setup: ignoring JPA class transformer
2026-04-20T15:40:13.188+02:00  INFO 14040 --- [back] [restartedMain] com.zaxxer.hikari.HikariDataSource       : HikariPool-1 - Starting...
2026-04-20T15:40:13.431+02:00  INFO 14040 --- [back] [restartedMain] com.zaxxer.hikari.pool.HikariPool        : HikariPool-1 - Added connection org.mariadb.jdbc.Connection@7c5dfc63
2026-04-20T15:40:13.433+02:00  INFO 14040 --- [back] [restartedMain] com.zaxxer.hikari.HikariDataSource       : HikariPool-1 - Start completed.
2026-04-20T15:40:14.181+02:00  INFO 14040 --- [back] [restartedMain] o.h.e.t.j.p.i.JtaPlatformInitiator       : HHH000489: No JTA platform available (set 'hibernate.transaction.jta.platform' to enable JTA platform integration)
2026-04-20T15:40:15.560+02:00  INFO 14040 --- [back] [restartedMain] j.LocalContainerEntityManagerFactoryBean : Initialized JPA EntityManagerFactory for persistence unit 'default'
2026-04-20T15:40:15.862+02:00  WARN 14040 --- [back] [restartedMain] JpaBaseConfiguration$JpaWebConfiguration : spring.jpa.open-in-view is enabled by default. Therefore, database queries may be performed during view rendering. Explicitly configure spring.jpa.open-in-view to disable this warning
2026-04-20T15:40:16.014+02:00  INFO 14040 --- [back] [restartedMain] o.s.s.web.DefaultSecurityFilterChain     : Will secure any request with [org.springframework.security.web.session.DisableEncodeUrlFilter@1725c508, org.springframework.security.web.context.request.async.WebAsyncManagerIntegrationFilter@4f7404c2, org.springframework.security.web.context.SecurityContextHolderFilter@5438f7fd, org.springframework.security.web.header.HeaderWriterFilter@18ef56c8, org.springframework.web.filter.CorsFilter@2f387122, org.springframework.security.web.authentication.logout.LogoutFilter@7486ec7, com.notegym.back.filter.JwtAuthenticationFilter@2246bfbf, org.springframework.security.web.savedrequest.RequestCacheAwareFilter@e5300c2, org.springframework.security.web.servletapi.SecurityContextHolderAwareRequestFilter@6f5508dd, org.springframework.security.web.authentication.AnonymousAuthenticationFilter@1a401d6, org.springframework.security.web.access.ExceptionTranslationFilter@1070173f, org.springframework.security.web.access.intercept.AuthorizationFilter@2f5eeae4]
2026-04-20T15:40:16.147+02:00  INFO 14040 --- [back] [restartedMain] o.s.b.d.a.OptionalLiveReloadServer       : LiveReload server is running on port 35729
2026-04-20T15:40:16.172+02:00  INFO 14040 --- [back] [restartedMain] o.s.b.w.embedded.tomcat.TomcatWebServer  : Tomcat started on port 8080 (http) with context path ''
2026-04-20T15:40:16.178+02:00  INFO 14040 --- [back] [restartedMain] com.notegym.back.BackApplication         : Started BackApplication in 4.532 seconds (process running for 4.792)
2026-04-20T15:40:55.383+02:00  INFO 14040 --- [back] [http-nio-8080-exec-1] o.a.c.c.C.[Tomcat].[localhost].[/]       : Initializing Spring DispatcherServlet 'dispatcherServlet'
2026-04-20T15:40:55.383+02:00  INFO 14040 --- [back] [http-nio-8080-exec-1] o.s.web.servlet.DispatcherServlet        : Initializing Servlet 'dispatcherServlet'
2026-04-20T15:40:55.384+02:00  INFO 14040 --- [back] [http-nio-8080-exec-1] o.s.web.servlet.DispatcherServlet        : Completed initialization in 0 ms
2026-04-20T15:44:35.604+02:00  INFO 14040 --- [back] [SpringApplicationShutdownHook] j.LocalContainerEntityManagerFactoryBean : Closing JPA EntityManagerFactory for persistence unit 'default'
2026-04-20T15:44:35.607+02:00  INFO 14040 --- [back] [SpringApplicationShutdownHook] com.zaxxer.hikari.HikariDataSource       : HikariPool-1 - Shutdown initiated...
2026-04-20T15:44:35.646+02:00  INFO 14040 --- [back] [SpringApplicationShutdownHook] com.zaxxer.hikari.HikariDataSource       : HikariPool-1 - Shutdown completed.
